{"/Users/farhadsiraj/Documents/TDD/mocha-chai/add.js":{"path":"/Users/farhadsiraj/Documents/TDD/mocha-chai/add.js","s":{"1":1,"2":2,"3":1},"b":{},"f":{"1":2},"fnMap":{"1":{"name":"add","line":1,"loc":{"start":{"line":1,"column":0},"end":{"line":1,"column":25}}}},"statementMap":{"1":{"start":{"line":1,"column":0},"end":{"line":3,"column":1}},"2":{"start":{"line":2,"column":2},"end":{"line":2,"column":21}},"3":{"start":{"line":5,"column":0},"end":{"line":5,"column":21}}},"branchMap":{}},"/Users/farhadsiraj/Documents/TDD/mocha-chai/isEven.js":{"path":"/Users/farhadsiraj/Documents/TDD/mocha-chai/isEven.js","s":{"1":1,"2":2,"3":1},"b":{},"f":{"1":2},"fnMap":{"1":{"name":"isEven","line":1,"loc":{"start":{"line":1,"column":0},"end":{"line":1,"column":21}}}},"statementMap":{"1":{"start":{"line":1,"column":0},"end":{"line":3,"column":1}},"2":{"start":{"line":2,"column":2},"end":{"line":2,"column":23}},"3":{"start":{"line":5,"column":0},"end":{"line":5,"column":24}}},"branchMap":{}}}